<?xml version="1.0" encoding="UTF-8"?>
<!-- Generated by org.testng.reporters.JUnitXMLReporter -->
<testsuite ignored="0" hostname="MSI" failures="0" tests="3" name="Default test" time="39.15" errors="0" timestamp="27 Apr 2024 19:54:22 GMT">
  <testcase classname="packages.SignInTest12" name="testSignIn" time="12.311"/>
  <testcase classname="packages.SignInTest12" name="testSearch" time="5.889"/>
  <testcase classname="packages.SignInTest12" name="testAddToCart" time="12.197"/>
</testsuite> <!-- Default test -->
