<?xml version="1.0" encoding="UTF-8"?>
<testng-results ignored="0" total="3" passed="3" failed="0" skipped="0">
  <reporter-output>
  </reporter-output>
  <suite started-at="2024-04-27T19:53:43Z" name="Default suite" finished-at="2024-04-27T19:54:22Z" duration-ms="39150">
    <groups>
    </groups>
    <test started-at="2024-04-27T19:53:43Z" name="Default test" finished-at="2024-04-27T19:54:22Z" duration-ms="39150">
      <class name="packages.SignInTest12">
        <test-method is-config="true" signature="setUp()[pri:0, instance:packages.SignInTest12@181e731e]" started-at="2024-04-28T01:23:43Z" name="setUp" finished-at="2024-04-28T01:23:46Z" duration-ms="3829" status="PASS">
          <reporter-output>
          </reporter-output>
        </test-method> <!-- setUp -->
        <test-method signature="testSignIn()[pri:0, instance:packages.SignInTest12@181e731e]" started-at="2024-04-28T01:23:46Z" name="testSignIn" finished-at="2024-04-28T01:23:59Z" duration-ms="12311" status="PASS">
          <reporter-output>
          </reporter-output>
        </test-method> <!-- testSignIn -->
        <test-method is-config="true" signature="tearDown()[pri:0, instance:packages.SignInTest12@181e731e]" started-at="2024-04-28T01:23:59Z" name="tearDown" finished-at="2024-04-28T01:23:59Z" duration-ms="391" status="PASS">
          <reporter-output>
          </reporter-output>
        </test-method> <!-- tearDown -->
        <test-method is-config="true" signature="setUp()[pri:0, instance:packages.SignInTest12@181e731e]" started-at="2024-04-28T01:23:59Z" name="setUp" finished-at="2024-04-28T01:24:02Z" duration-ms="2675" status="PASS">
          <reporter-output>
          </reporter-output>
        </test-method> <!-- setUp -->
        <test-method signature="testSearch()[pri:1, instance:packages.SignInTest12@181e731e]" started-at="2024-04-28T01:24:02Z" name="testSearch" finished-at="2024-04-28T01:24:08Z" duration-ms="5889" status="PASS">
          <reporter-output>
          </reporter-output>
        </test-method> <!-- testSearch -->
        <test-method is-config="true" signature="tearDown()[pri:0, instance:packages.SignInTest12@181e731e]" started-at="2024-04-28T01:24:08Z" name="tearDown" finished-at="2024-04-28T01:24:08Z" duration-ms="382" status="PASS">
          <reporter-output>
          </reporter-output>
        </test-method> <!-- tearDown -->
        <test-method is-config="true" signature="setUp()[pri:0, instance:packages.SignInTest12@181e731e]" started-at="2024-04-28T01:24:08Z" name="setUp" finished-at="2024-04-28T01:24:09Z" duration-ms="1065" status="PASS">
          <reporter-output>
          </reporter-output>
        </test-method> <!-- setUp -->
        <test-method signature="testAddToCart()[pri:2, instance:packages.SignInTest12@181e731e]" started-at="2024-04-28T01:24:09Z" name="testAddToCart" finished-at="2024-04-28T01:24:21Z" duration-ms="12197" status="PASS">
          <reporter-output>
          </reporter-output>
        </test-method> <!-- testAddToCart -->
        <test-method is-config="true" signature="tearDown()[pri:0, instance:packages.SignInTest12@181e731e]" started-at="2024-04-28T01:24:21Z" name="tearDown" finished-at="2024-04-28T01:24:22Z" duration-ms="381" status="PASS">
          <reporter-output>
          </reporter-output>
        </test-method> <!-- tearDown -->
      </class> <!-- packages.SignInTest12 -->
    </test> <!-- Default test -->
  </suite> <!-- Default suite -->
</testng-results>
